<?xml version="1.0" encoding="UTF-8"?>
<!-- Generated by org.testng.reporters.JUnitReportReporter -->
<testsuite skipped="0" hostname="VIGYAN-L-PC2" name="orangeHRM" tests="2" failures="0" timestamp="2019-10-01T12:40:28 IST" time="8.488" errors="0">
  <testcase name="test2" time="3.930" classname="orangeHRM"/>
  <testcase name="test1" time="4.558" classname="orangeHRM"/>
</testsuite> <!-- orangeHRM -->
