<?xml version="1.0" encoding="UTF-8"?>
<!-- Generated by org.testng.reporters.JUnitReportReporter -->
<testsuite skipped="1" hostname="VIGYAN-L-PC2" name="TestNG_annotation2file" tests="3" failures="0" timestamp="2019-10-01T11:29:05 IST" time="0.033" errors="0">
  <testcase name="testa" time="0.027" classname="TestNG_annotation2file"/>
  <testcase name="testc" time="0.006" classname="TestNG_annotation2file"/>
  <testcase name="testb" classname="TestNG_annotation2file">
    <skipped/>
  </testcase> <!-- testb -->
</testsuite> <!-- TestNG_annotation2file -->
