<?xml version="1.0" encoding="UTF-8"?>
<!-- Generated by org.testng.reporters.JUnitReportReporter -->
<testsuite skipped="0" hostname="VIGYAN-L-PC2" name="GroupingDemo" tests="4" failures="0" timestamp="2019-10-03T11:46:18 IST" time="0.095" errors="0">
  <testcase name="aTestCase" time="0.047" classname="GroupingDemo"/>
  <testcase name="cTestCase" time="0.032" classname="GroupingDemo"/>
  <testcase name="bTestCase" time="0.000" classname="GroupingDemo"/>
  <testcase name="eTestCase" time="0.016" classname="GroupingDemo"/>
</testsuite> <!-- GroupingDemo -->
