<?xml version="1.0" encoding="UTF-8"?>
<!-- Generated by org.testng.reporters.JUnitReportReporter -->
<testsuite skipped="0" hostname="VIGYAN-L-PC2" name="Parallel_gmail" tests="1" failures="0" timestamp="2019-10-03T12:54:06 IST" time="26.505" errors="0">
  <testcase name="fbopen" time="26.505" classname="Parallel_gmail"/>
</testsuite> <!-- Parallel_gmail -->
