<?xml version="1.0" encoding="UTF-8"?>
<!-- Generated by org.testng.reporters.JUnitReportReporter -->
<testsuite skipped="0" hostname="VIGYAN-L-PC2" name="Assertion_class" tests="1" failures="0" timestamp="2019-10-01T12:24:10 IST" time="0.065" errors="0">
  <testcase name="verifyTitleSoftAssertion" time="0.065" classname="Assertion_class"/>
</testsuite> <!-- Assertion_class -->
