<?xml version="1.0" encoding="UTF-8"?>
<!-- Generated by org.testng.reporters.JUnitReportReporter -->
<testsuite skipped="0" hostname="VIGYAN-L-PC2" name="Parallel_fb" tests="1" failures="0" timestamp="2019-10-03T12:56:54 IST" time="19.846" errors="0">
  <testcase name="fbopen" time="19.846" classname="Parallel_fb"/>
</testsuite> <!-- Parallel_fb -->
