<?xml version="1.0" encoding="UTF-8"?>
<!-- Generated by org.testng.reporters.JUnitReportReporter -->
<testsuite skipped="0" hostname="VIGYAN-L-PC2" name="prioritize_class2" tests="3" failures="0" timestamp="2019-10-01T11:30:32 IST" time="0.015" errors="0">
  <testcase name="dtestcase" time="0.006" classname="prioritize_class2"/>
  <testcase name="etestcase" time="0.003" classname="prioritize_class2"/>
  <testcase name="atestcase" time="0.006" classname="prioritize_class2"/>
</testsuite> <!-- prioritize_class2 -->
