<?xml version="1.0" encoding="UTF-8"?>
<!-- Generated by org.testng.reporters.JUnitReportReporter -->
<testsuite skipped="0" hostname="VIGYAN-L-PC2" name="prioritize_class" tests="3" failures="0" timestamp="2019-10-01T11:30:32 IST" time="0.069" errors="0">
  <testcase name="dtestcase" time="0.051" classname="prioritize_class"/>
  <testcase name="etestcase" time="0.005" classname="prioritize_class"/>
  <testcase name="atestcase" time="0.013" classname="prioritize_class"/>
</testsuite> <!-- prioritize_class -->
