<?xml version="1.0" encoding="UTF-8"?>
<!-- Generated by org.testng.reporters.JUnitReportReporter -->
<testsuite skipped="1" hostname="VIGYAN-L-PC2" name="TestNG_annotation" tests="3" failures="0" timestamp="2019-09-30T12:24:20 IST" time="0.031" errors="0">
  <testcase name="testc" time="0.031" classname="TestNG_annotation"/>
  <testcase name="testa" time="0.000" classname="TestNG_annotation"/>
  <testcase name="testb" classname="TestNG_annotation">
    <skipped/>
  </testcase> <!-- testb -->
</testsuite> <!-- TestNG_annotation -->
